\BOOKMARK [0][-]{chapter.1}{\376\377\000I\000n\000t\000r\000o\000d\000u\000c\000t\000i\000o\000n}{}% 1
\BOOKMARK [1][-]{subsection*.2}{\376\377\000C\000o\000n\000t\000a\000c\000t}{chapter.1}% 2
\BOOKMARK [2][-]{subsection*.3}{\376\377\000G\000a\000m\000e\000\040\000t\000e\000s\000t\000e\000r\000s}{subsection*.2}% 3
\BOOKMARK [0][-]{chapter.2}{\376\377\000N\000e\000w\000\040\000A\000r\000c\000h\000e\000t\000y\000p\000e\000s}{}% 4
\BOOKMARK [1][-]{section*.5}{\376\377\000M\000e\000t\000a\000s\000a\000p\000i\000e\000n\000t\000s}{chapter.2}% 5
\BOOKMARK [2][-]{subsection*.6}{\376\377\000N\000a\000g\000a}{section*.5}% 6
\BOOKMARK [2][-]{subsection*.7}{\376\377\000C\000e\000n\000t\000a\000u\000r}{section*.5}% 7
\BOOKMARK [2][-]{subsection*.8}{\376\377\000A\000r\000t\000i\000f\000i\000c\000a\000l\000\040\000I\000n\000t\000e\000l\000l\000i\000g\000e\000n\000e}{section*.5}% 8
\BOOKMARK [2][-]{subsection*.9}{\376\377\000S\000a\000s\000q\000u\000a\000t\000c\000h}{section*.5}% 9
\BOOKMARK [1][-]{section*.10}{\376\377\000S\000h\000a\000p\000e\000s\000h\000i\000f\000t\000e\000r\000s}{chapter.2}% 10
\BOOKMARK [2][-]{subsection*.11}{\376\377\000B\000e\000a\000r}{section*.10}% 11
\BOOKMARK [2][-]{subsection*.12}{\376\377\000G\000r\000e\000a\000t\000\040\000c\000a\000t}{section*.10}% 12
\BOOKMARK [2][-]{subsection*.13}{\376\377\000P\000i\000r\000d\000\040\000o\000f\000\040\000p\000r\000e\000y}{section*.10}% 13
\BOOKMARK [2][-]{subsection*.14}{\376\377\000D\000o\000g}{section*.10}% 14
\BOOKMARK [2][-]{subsection*.15}{\376\377\000F\000o\000x}{section*.10}% 15
\BOOKMARK [2][-]{subsection*.16}{\376\377\000H\000o\000r\000s\000e}{section*.10}% 16
\BOOKMARK [1][-]{section*.17}{\376\377\000I\000n\000f\000e\000c\000t\000e\000d}{chapter.2}% 17
\BOOKMARK [0][-]{chapter.3}{\376\377\000N\000e\000w\000\040\000S\000p\000e\000l\000l\000s\000\040\000a\000n\000d\000\040\000e\000f\000f\000e\000c\000t\000s}{}% 18
\BOOKMARK [1][-]{section*.18}{\376\377\000M\000i\000n\000d\000\040\000C\000o\000n\000t\000r\000o\000l}{chapter.3}% 19
\BOOKMARK [0][-]{chapter.4}{\376\377\000N\000e\000w\000\040\000T\000a\000l\000e\000n\000t\000s}{}% 20
\BOOKMARK [1][-]{section*.19}{\376\377\000T\000i\000e\000r\000\040\0001}{chapter.4}% 21
\BOOKMARK [1][-]{section*.20}{\376\377\000T\000i\000e\000r\000\040\0002}{chapter.4}% 22
\BOOKMARK [1][-]{section*.21}{\376\377\000T\000i\000e\000r\000\040\0003}{chapter.4}% 23
\BOOKMARK [1][-]{section*.22}{\376\377\000T\000i\000e\000r\000\040\0004}{chapter.4}% 24
\BOOKMARK [0][-]{chapter.5}{\376\377\000N\000e\000w\000\040\000G\000e\000a\000r}{}% 25
\BOOKMARK [0][-]{chapter.6}{\376\377\000I\000n\000d\000e\000x}{}% 26
\BOOKMARK [1][-]{section*.24}{\376\377\000D\000i\000c\000e}{chapter.6}% 27
\BOOKMARK [1][-]{section*.25}{\376\377\000T\000a\000b\000l\000e\000s}{chapter.6}% 28
\BOOKMARK [1][-]{section*.26}{\376\377\000C\000h\000a\000r\000a\000c\000t\000e\000r\000s}{chapter.6}% 29
\BOOKMARK [1][-]{section*.27}{\376\377\000T\000a\000l\000e\000n\000t\000s}{chapter.6}% 30
